# JRE version: OpenJDK Runtime Environment (8.0_131-b11) (build 1.8.0_131-8u131-b11-0ubuntu1.17.04.1-b11)
# Java VM: OpenJDK 64-Bit Server VM (25.131-b11 mixed mode linux-amd64 compressed oops)
Heap:
 PSYoungGen      total 992768K, used 761681K [0x0000000782780000, 0x00000007bf700000, 0x00000007c0000000)
  eden space 986624K, 77% used [0x0000000782780000,0x00000007b0f3c410,0x00000007beb00000)
  from space 6144K, 1% used [0x00000007bf100000,0x00000007bf118000,0x00000007bf700000)
  to   space 6144K, 0% used [0x00000007beb00000,0x00000007beb00000,0x00000007bf100000)
 ParOldGen       total 126976K, used 40105K [0x0000000707600000, 0x000000070f200000, 0x0000000782780000)
  object space 126976K, 31% used [0x0000000707600000,0x0000000709d2a570,0x000000070f200000)
 Metaspace       used 16814K, capacity 17228K, committed 17536K, reserved 1064960K
  class space    used 1994K, capacity 2140K, committed 2176K, reserved 1048576K
GC Heap History (10 events):
Event: 15.669 GC heap before
{Heap before GC invocations=8 (full 0):
 PSYoungGen      total 198144K, used 192660K [0x0000000782780000, 0x000000079ab80000, 0x00000007c0000000)
  eden space 192512K, 100% used [0x0000000782780000,0x000000078e380000,0x000000078e380000)
  from space 5632K, 2% used [0x000000078e380000,0x000000078e3a5018,0x000000078e900000)
  to   space 6144K, 0% used [0x000000079a580000,0x000000079a580000,0x000000079ab80000)
 ParOldGen       total 126976K, used 40001K [0x0000000707600000, 0x000000070f200000, 0x0000000782780000)
  object space 126976K, 31% used [0x0000000707600000,0x0000000709d10570,0x000000070f200000)
 Metaspace       used 16707K, capacity 17100K, committed 17280K, reserved 1064960K
  class space    used 1994K, capacity 2140K, committed 2176K, reserved 1048576K
Event: 15.673 GC heap after
Heap after GC invocations=8 (full 0):
 PSYoungGen      total 391168K, used 128K [0x0000000782780000, 0x000000079ab80000, 0x00000007c0000000)
  eden space 385024K, 0% used [0x0000000782780000,0x0000000782780000,0x0000000799f80000)
  from space 6144K, 2% used [0x000000079a580000,0x000000079a5a0000,0x000000079ab80000)
  to   space 6144K, 0% used [0x0000000799f80000,0x0000000799f80000,0x000000079a580000)
 ParOldGen       total 126976K, used 40049K [0x0000000707600000, 0x000000070f200000, 0x0000000782780000)
  object space 126976K, 31% used [0x0000000707600000,0x0000000709d1c570,0x000000070f200000)
 Metaspace       used 16707K, capacity 17100K, committed 17280K, reserved 1064960K
  class space    used 1994K, capacity 2140K, committed 2176K, reserved 1048576K
}
Event: 23.090 GC heap before
{Heap before GC invocations=9 (full 0):
 PSYoungGen      total 391168K, used 385152K [0x0000000782780000, 0x000000079ab80000, 0x00000007c0000000)
  eden space 385024K, 100% used [0x0000000782780000,0x0000000799f80000,0x0000000799f80000)
  from space 6144K, 2% used [0x000000079a580000,0x000000079a5a0000,0x000000079ab80000)
  to   space 6144K, 0% used [0x0000000799f80000,0x0000000799f80000,0x000000079a580000)
 ParOldGen       total 126976K, used 40049K [0x0000000707600000, 0x000000070f200000, 0x0000000782780000)
  object space 126976K, 31% used [0x0000000707600000,0x0000000709d1c570,0x000000070f200000)
 Metaspace       used 16733K, capacity 17164K, committed 17280K, reserved 1064960K
  class space    used 1994K, capacity 2140K, committed 2176K, reserved 1048576K
Event: 23.093 GC heap after
Heap after GC invocations=9 (full 0):
 PSYoungGen      total 391168K, used 96K [0x0000000782780000, 0x00000007a8d80000, 0x00000007c0000000)
  eden space 385024K, 0% used [0x0000000782780000,0x0000000782780000,0x0000000799f80000)
  from space 6144K, 1% used [0x0000000799f80000,0x0000000799f98000,0x000000079a580000)
  to   space 6144K, 0% used [0x00000007a8780000,0x00000007a8780000,0x00000007a8d80000)
 ParOldGen       total 126976K, used 40073K [0x0000000707600000, 0x000000070f200000, 0x0000000782780000)
  object space 126976K, 31% used [0x0000000707600000,0x0000000709d22570,0x000000070f200000)
 Metaspace       used 16733K, capacity 17164K, committed 17280K, reserved 1064960K
  class space    used 1994K, capacity 2140K, committed 2176K, reserved 1048576K
}
Event: 30.506 GC heap before
{Heap before GC invocations=10 (full 0):
 PSYoungGen      total 391168K, used 385120K [0x0000000782780000, 0x00000007a8d80000, 0x00000007c0000000)
  eden space 385024K, 100% used [0x0000000782780000,0x0000000799f80000,0x0000000799f80000)
  from space 6144K, 1% used [0x0000000799f80000,0x0000000799f98000,0x000000079a580000)
  to   space 6144K, 0% used [0x00000007a8780000,0x00000007a8780000,0x00000007a8d80000)
 ParOldGen       total 126976K, used 40073K [0x0000000707600000, 0x000000070f200000, 0x0000000782780000)
  object space 126976K, 31% used [0x0000000707600000,0x0000000709d22570,0x000000070f200000)
 Metaspace       used 16750K, capacity 17164K, committed 17280K, reserved 1064960K
  class space    used 1994K, capacity 2140K, committed 2176K, reserved 1048576K
Event: 30.509 GC heap after
Heap after GC invocations=10 (full 0):
 PSYoungGen      total 622592K, used 128K [0x0000000782780000, 0x00000007a8d80000, 0x00000007c0000000)
  eden space 616448K, 0% used [0x0000000782780000,0x0000000782780000,0x00000007a8180000)
  from space 6144K, 2% used [0x00000007a8780000,0x00000007a87a0000,0x00000007a8d80000)
  to   space 6144K, 0% used [0x00000007a8180000,0x00000007a8180000,0x00000007a8780000)
 ParOldGen       total 126976K, used 40081K [0x0000000707600000, 0x000000070f200000, 0x0000000782780000)
  object space 126976K, 31% used [0x0000000707600000,0x0000000709d24570,0x000000070f200000)
 Metaspace       used 16750K, capacity 17164K, committed 17280K, reserved 1064960K
  class space    used 1994K, capacity 2140K, committed 2176K, reserved 1048576K
}
Event: 42.389 GC heap before
{Heap before GC invocations=11 (full 0):
 PSYoungGen      total 622592K, used 616576K [0x0000000782780000, 0x00000007a8d80000, 0x00000007c0000000)
  eden space 616448K, 100% used [0x0000000782780000,0x00000007a8180000,0x00000007a8180000)
  from space 6144K, 2% used [0x00000007a8780000,0x00000007a87a0000,0x00000007a8d80000)
  to   space 6144K, 0% used [0x00000007a8180000,0x00000007a8180000,0x00000007a8780000)
 ParOldGen       total 126976K, used 40081K [0x0000000707600000, 0x000000070f200000, 0x0000000782780000)
  object space 126976K, 31% used [0x0000000707600000,0x0000000709d24570,0x000000070f200000)
 Metaspace       used 16768K, capacity 17164K, committed 17280K, reserved 1064960K
  class space    used 1994K, capacity 2140K, committed 2176K, reserved 1048576K
Event: 42.391 GC heap after
Heap after GC invocations=11 (full 0):
 PSYoungGen      total 622592K, used 64K [0x0000000782780000, 0x00000007bf700000, 0x00000007c0000000)
  eden space 616448K, 0% used [0x0000000782780000,0x0000000782780000,0x00000007a8180000)
  from space 6144K, 1% used [0x00000007a8180000,0x00000007a8190000,0x00000007a8780000)
  to   space 6144K, 0% used [0x00000007bf100000,0x00000007bf100000,0x00000007bf700000)
 ParOldGen       total 126976K, used 40089K [0x0000000707600000, 0x000000070f200000, 0x0000000782780000)
  object space 126976K, 31% used [0x0000000707600000,0x0000000709d26570,0x000000070f200000)
 Metaspace       used 16768K, capacity 17164K, committed 17280K, reserved 1064960K
  class space    used 1994K, capacity 2140K, committed 2176K, reserved 1048576K
}
Event: 54.612 GC heap before
{Heap before GC invocations=12 (full 0):
 PSYoungGen      total 622592K, used 616512K [0x0000000782780000, 0x00000007bf700000, 0x00000007c0000000)
  eden space 616448K, 100% used [0x0000000782780000,0x00000007a8180000,0x00000007a8180000)
  from space 6144K, 1% used [0x00000007a8180000,0x00000007a8190000,0x00000007a8780000)
  to   space 6144K, 0% used [0x00000007bf100000,0x00000007bf100000,0x00000007bf700000)
 ParOldGen       total 126976K, used 40089K [0x0000000707600000, 0x000000070f200000, 0x0000000782780000)
  object space 126976K, 31% used [0x0000000707600000,0x0000000709d26570,0x000000070f200000)
 Metaspace       used 16808K, capacity 17228K, committed 17536K, reserved 1064960K
  class space    used 1994K, capacity 2140K, committed 2176K, reserved 1048576K
Event: 54.615 GC heap after
Heap after GC invocations=12 (full 0):
 PSYoungGen      total 992768K, used 96K [0x0000000782780000, 0x00000007bf700000, 0x00000007c0000000)
  eden space 986624K, 0% used [0x0000000782780000,0x0000000782780000,0x00000007beb00000)
  from space 6144K, 1% used [0x00000007bf100000,0x00000007bf118000,0x00000007bf700000)
  to   space 6144K, 0% used [0x00000007beb00000,0x00000007beb00000,0x00000007bf100000)
 ParOldGen       total 126976K, used 40105K [0x0000000707600000, 0x000000070f200000, 0x0000000782780000)
  object space 126976K, 31% used [0x0000000707600000,0x0000000709d2a570,0x000000070f200000)
 Metaspace       used 16808K, capacity 17228K, committed 17536K, reserved 1064960K
  class space    used 1994K, capacity 2140K, committed 2176K, reserved 1048576K
}

