# JRE version: OpenJDK Runtime Environment (8.0_131-b11) (build 1.8.0_131-8u131-b11-0ubuntu1.17.04.1-b11)
# Java VM: OpenJDK 64-Bit Server VM (25.131-b11 mixed mode linux-amd64 compressed oops)
Heap:
 PSYoungGen      total 55808K, used 3232K [0x0000000782780000, 0x0000000786580000, 0x00000007c0000000)
  eden space 48128K, 0% used [0x0000000782780000,0x0000000782780000,0x0000000785680000)
  from space 7680K, 42% used [0x0000000785680000,0x00000007859a8168,0x0000000785e00000)
  to   space 7680K, 0% used [0x0000000785e00000,0x0000000785e00000,0x0000000786580000)
 ParOldGen       total 126976K, used 8K [0x0000000707600000, 0x000000070f200000, 0x0000000782780000)
  object space 126976K, 0% used [0x0000000707600000,0x0000000707602000,0x000000070f200000)
 Metaspace       used 8741K, capacity 8910K, committed 9088K, reserved 1056768K
  class space    used 1033K, capacity 1119K, committed 1152K, reserved 1048576K
GC Heap History (3 events):
Event: 1.306 GC heap before
{Heap before GC invocations=1 (full 0):
 PSYoungGen      total 55808K, used 15401K [0x0000000782780000, 0x0000000786580000, 0x00000007c0000000)
  eden space 48128K, 32% used [0x0000000782780000,0x000000078368a7e8,0x0000000785680000)
  from space 7680K, 0% used [0x0000000785e00000,0x0000000785e00000,0x0000000786580000)
  to   space 7680K, 0% used [0x0000000785680000,0x0000000785680000,0x0000000785e00000)
 ParOldGen       total 126976K, used 0K [0x0000000707600000, 0x000000070f200000, 0x0000000782780000)
  object space 126976K, 0% used [0x0000000707600000,0x0000000707600000,0x000000070f200000)
 Metaspace       used 8741K, capacity 8910K, committed 9088K, reserved 1056768K
  class space    used 1033K, capacity 1119K, committed 1152K, reserved 1048576K
Event: 1.316 GC heap after
Heap after GC invocations=1 (full 0):
 PSYoungGen      total 55808K, used 3232K [0x0000000782780000, 0x0000000786580000, 0x00000007c0000000)
  eden space 48128K, 0% used [0x0000000782780000,0x0000000782780000,0x0000000785680000)
  from space 7680K, 42% used [0x0000000785680000,0x00000007859a8168,0x0000000785e00000)
  to   space 7680K, 0% used [0x0000000785e00000,0x0000000785e00000,0x0000000786580000)
 ParOldGen       total 126976K, used 8K [0x0000000707600000, 0x000000070f200000, 0x0000000782780000)
  object space 126976K, 0% used [0x0000000707600000,0x0000000707602000,0x000000070f200000)
 Metaspace       used 8741K, capacity 8910K, committed 9088K, reserved 1056768K
  class space    used 1033K, capacity 1119K, committed 1152K, reserved 1048576K
}
Event: 1.316 GC heap before
{Heap before GC invocations=2 (full 1):
 PSYoungGen      total 55808K, used 3232K [0x0000000782780000, 0x0000000786580000, 0x00000007c0000000)
  eden space 48128K, 0% used [0x0000000782780000,0x0000000782780000,0x0000000785680000)
  from space 7680K, 42% used [0x0000000785680000,0x00000007859a8168,0x0000000785e00000)
  to   space 7680K, 0% used [0x0000000785e00000,0x0000000785e00000,0x0000000786580000)
 ParOldGen       total 126976K, used 8K [0x0000000707600000, 0x000000070f200000, 0x0000000782780000)
  object space 126976K, 0% used [0x0000000707600000,0x0000000707602000,0x000000070f200000)
 Metaspace       used 8741K, capacity 8910K, committed 9088K, reserved 1056768K
  class space    used 1033K, capacity 1119K, committed 1152K, reserved 1048576K

