# JRE version: OpenJDK Runtime Environment (8.0_131-b11) (build 1.8.0_131-8u131-b11-0ubuntu1.17.04.1-b11)
# Java VM: OpenJDK 64-Bit Server VM (25.131-b11 mixed mode linux-amd64 compressed oops)
Heap:
 PSYoungGen      total 622592K, used 569784K [0x0000000782780000, 0x00000007a8d80000, 0x00000007c0000000)
  eden space 616448K, 92% used [0x0000000782780000,0x00000007a53ce3e8,0x00000007a8180000)
  from space 6144K, 2% used [0x00000007a8780000,0x00000007a87a0000,0x00000007a8d80000)
  to   space 6144K, 0% used [0x00000007a8180000,0x00000007a8180000,0x00000007a8780000)
 ParOldGen       total 126976K, used 58891K [0x0000000707600000, 0x000000070f200000, 0x0000000782780000)
  object space 126976K, 46% used [0x0000000707600000,0x000000070af82cd8,0x000000070f200000)
 Metaspace       used 17422K, capacity 17866K, committed 18048K, reserved 1064960K
  class space    used 2014K, capacity 2173K, committed 2176K, reserved 1048576K
GC Heap History (10 events):
Event: 113.275 GC heap before
{Heap before GC invocations=6 (full 0):
 PSYoungGen      total 103936K, used 99136K [0x0000000782780000, 0x000000078ee80000, 0x00000007c0000000)
  eden space 96256K, 100% used [0x0000000782780000,0x0000000788580000,0x0000000788580000)
  from space 7680K, 37% used [0x0000000788580000,0x0000000788850020,0x0000000788d00000)
  to   space 5632K, 0% used [0x000000078e900000,0x000000078e900000,0x000000078ee80000)
 ParOldGen       total 126976K, used 55949K [0x0000000707600000, 0x000000070f200000, 0x0000000782780000)
  object space 126976K, 44% used [0x0000000707600000,0x000000070aca35d8,0x000000070f200000)
 Metaspace       used 16904K, capacity 17340K, committed 17536K, reserved 1064960K
  class space    used 2012K, capacity 2172K, committed 2176K, reserved 1048576K
Event: 113.284 GC heap after
Heap after GC invocations=6 (full 0):
 PSYoungGen      total 198144K, used 2916K [0x0000000782780000, 0x000000078ee80000, 0x00000007c0000000)
  eden space 192512K, 0% used [0x0000000782780000,0x0000000782780000,0x000000078e380000)
  from space 5632K, 51% used [0x000000078e900000,0x000000078ebd9040,0x000000078ee80000)
  to   space 5632K, 0% used [0x000000078e380000,0x000000078e380000,0x000000078e900000)
 ParOldGen       total 126976K, used 55957K [0x0000000707600000, 0x000000070f200000, 0x0000000782780000)
  object space 126976K, 44% used [0x0000000707600000,0x000000070aca55d8,0x000000070f200000)
 Metaspace       used 16904K, capacity 17340K, committed 17536K, reserved 1064960K
  class space    used 2012K, capacity 2172K, committed 2176K, reserved 1048576K
}
Event: 118.511 GC heap before
{Heap before GC invocations=7 (full 0):
 PSYoungGen      total 198144K, used 195428K [0x0000000782780000, 0x000000078ee80000, 0x00000007c0000000)
  eden space 192512K, 100% used [0x0000000782780000,0x000000078e380000,0x000000078e380000)
  from space 5632K, 51% used [0x000000078e900000,0x000000078ebd9040,0x000000078ee80000)
  to   space 5632K, 0% used [0x000000078e380000,0x000000078e380000,0x000000078e900000)
 ParOldGen       total 126976K, used 55957K [0x0000000707600000, 0x000000070f200000, 0x0000000782780000)
  object space 126976K, 44% used [0x0000000707600000,0x000000070aca55d8,0x000000070f200000)
 Metaspace       used 16967K, capacity 17412K, committed 17536K, reserved 1064960K
  class space    used 2012K, capacity 2172K, committed 2176K, reserved 1048576K
Event: 118.520 GC heap after
Heap after GC invocations=7 (full 0):
 PSYoungGen      total 198144K, used 256K [0x0000000782780000, 0x000000079ab80000, 0x00000007c0000000)
  eden space 192512K, 0% used [0x0000000782780000,0x0000000782780000,0x000000078e380000)
  from space 5632K, 4% used [0x000000078e380000,0x000000078e3c0000,0x000000078e900000)
  to   space 6144K, 0% used [0x000000079a580000,0x000000079a580000,0x000000079ab80000)
 ParOldGen       total 126976K, used 58635K [0x0000000707600000, 0x000000070f200000, 0x0000000782780000)
  object space 126976K, 46% used [0x0000000707600000,0x000000070af42cb8,0x000000070f200000)
 Metaspace       used 16967K, capacity 17412K, committed 17536K, reserved 1064960K
  class space    used 2012K, capacity 2172K, committed 2176K, reserved 1048576K
}
Event: 124.081 GC heap before
{Heap before GC invocations=8 (full 0):
 PSYoungGen      total 198144K, used 192768K [0x0000000782780000, 0x000000079ab80000, 0x00000007c0000000)
  eden space 192512K, 100% used [0x0000000782780000,0x000000078e380000,0x000000078e380000)
  from space 5632K, 4% used [0x000000078e380000,0x000000078e3c0000,0x000000078e900000)
  to   space 6144K, 0% used [0x000000079a580000,0x000000079a580000,0x000000079ab80000)
 ParOldGen       total 126976K, used 58635K [0x0000000707600000, 0x000000070f200000, 0x0000000782780000)
  object space 126976K, 46% used [0x0000000707600000,0x000000070af42cb8,0x000000070f200000)
 Metaspace       used 17045K, capacity 17482K, committed 17792K, reserved 1064960K
  class space    used 2014K, capacity 2173K, committed 2176K, reserved 1048576K
Event: 124.084 GC heap after
Heap after GC invocations=8 (full 0):
 PSYoungGen      total 391168K, used 192K [0x0000000782780000, 0x000000079ab80000, 0x00000007c0000000)
  eden space 385024K, 0% used [0x0000000782780000,0x0000000782780000,0x0000000799f80000)
  from space 6144K, 3% used [0x000000079a580000,0x000000079a5b0000,0x000000079ab80000)
  to   space 6144K, 0% used [0x0000000799f80000,0x0000000799f80000,0x000000079a580000)
 ParOldGen       total 126976K, used 58835K [0x0000000707600000, 0x000000070f200000, 0x0000000782780000)
  object space 126976K, 46% used [0x0000000707600000,0x000000070af74cb8,0x000000070f200000)
 Metaspace       used 17045K, capacity 17482K, committed 17792K, reserved 1064960K
  class space    used 2014K, capacity 2173K, committed 2176K, reserved 1048576K
}
Event: 134.729 GC heap before
{Heap before GC invocations=9 (full 0):
 PSYoungGen      total 391168K, used 385216K [0x0000000782780000, 0x000000079ab80000, 0x00000007c0000000)
  eden space 385024K, 100% used [0x0000000782780000,0x0000000799f80000,0x0000000799f80000)
  from space 6144K, 3% used [0x000000079a580000,0x000000079a5b0000,0x000000079ab80000)
  to   space 6144K, 0% used [0x0000000799f80000,0x0000000799f80000,0x000000079a580000)
 ParOldGen       total 126976K, used 58835K [0x0000000707600000, 0x000000070f200000, 0x0000000782780000)
  object space 126976K, 46% used [0x0000000707600000,0x000000070af74cb8,0x000000070f200000)
 Metaspace       used 17210K, capacity 17610K, committed 17792K, reserved 1064960K
  class space    used 2014K, capacity 2173K, committed 2176K, reserved 1048576K
Event: 134.734 GC heap after
Heap after GC invocations=9 (full 0):
 PSYoungGen      total 391168K, used 160K [0x0000000782780000, 0x00000007a8d80000, 0x00000007c0000000)
  eden space 385024K, 0% used [0x0000000782780000,0x0000000782780000,0x0000000799f80000)
  from space 6144K, 2% used [0x0000000799f80000,0x0000000799fa8000,0x000000079a580000)
  to   space 6144K, 0% used [0x00000007a8780000,0x00000007a8780000,0x00000007a8d80000)
 ParOldGen       total 126976K, used 58851K [0x0000000707600000, 0x000000070f200000, 0x0000000782780000)
  object space 126976K, 46% used [0x0000000707600000,0x000000070af78cb8,0x000000070f200000)
 Metaspace       used 17210K, capacity 17610K, committed 17792K, reserved 1064960K
  class space    used 2014K, capacity 2173K, committed 2176K, reserved 1048576K
}
Event: 142.648 GC heap before
{Heap before GC invocations=10 (full 0):
 PSYoungGen      total 391168K, used 385184K [0x0000000782780000, 0x00000007a8d80000, 0x00000007c0000000)
  eden space 385024K, 100% used [0x0000000782780000,0x0000000799f80000,0x0000000799f80000)
  from space 6144K, 2% used [0x0000000799f80000,0x0000000799fa8000,0x000000079a580000)
  to   space 6144K, 0% used [0x00000007a8780000,0x00000007a8780000,0x00000007a8d80000)
 ParOldGen       total 126976K, used 58851K [0x0000000707600000, 0x000000070f200000, 0x0000000782780000)
  object space 126976K, 46% used [0x0000000707600000,0x000000070af78cb8,0x000000070f200000)
 Metaspace       used 17268K, capacity 17674K, committed 17792K, reserved 1064960K
  class space    used 2014K, capacity 2173K, committed 2176K, reserved 1048576K
Event: 142.651 GC heap after
Heap after GC invocations=10 (full 0):
 PSYoungGen      total 622592K, used 128K [0x0000000782780000, 0x00000007a8d80000, 0x00000007c0000000)
  eden space 616448K, 0% used [0x0000000782780000,0x0000000782780000,0x00000007a8180000)
  from space 6144K, 2% used [0x00000007a8780000,0x00000007a87a0000,0x00000007a8d80000)
  to   space 6144K, 0% used [0x00000007a8180000,0x00000007a8180000,0x00000007a8780000)
 ParOldGen       total 126976K, used 58891K [0x0000000707600000, 0x000000070f200000, 0x0000000782780000)
  object space 126976K, 46% used [0x0000000707600000,0x000000070af82cd8,0x000000070f200000)
 Metaspace       used 17268K, capacity 17674K, committed 17792K, reserved 1064960K
  class space    used 2014K, capacity 2173K, committed 2176K, reserved 1048576K
}

